0 info it worked if it ends with ok
1 verbose cli [ 'C:\\Program Files\\nodejs\\node.exe',
1 verbose cli   'C:\\Program Files\\nodejs\\node_modules\\npm\\bin\\npm-cli.js',
1 verbose cli   'install',
1 verbose cli   '--save-dev',
1 verbose cli   'git+https://github.com/isteven/angular-multi-select.git' ]
2 info using npm@2.14.7
3 info using node@v4.2.1
4 verbose install initial load of C:\MAMP\htdocs\FKP\FSP\www\package.json
5 verbose installManyTop reading scoped package data from C:\MAMP\htdocs\FKP\FSP\www\node_modules\angular\package.json
6 verbose installManyTop reading scoped package data from C:\MAMP\htdocs\FKP\FSP\www\node_modules\angular-animate\package.json
7 verbose installManyTop reading scoped package data from C:\MAMP\htdocs\FKP\FSP\www\node_modules\angular-aria\package.json
8 verbose installManyTop reading scoped package data from C:\MAMP\htdocs\FKP\FSP\www\node_modules\angular-bootstrap-calendar\package.json
9 verbose installManyTop reading scoped package data from C:\MAMP\htdocs\FKP\FSP\www\node_modules\angular-breadcrumb\package.json
10 verbose installManyTop reading scoped package data from C:\MAMP\htdocs\FKP\FSP\www\node_modules\angular-cache\package.json
11 verbose installManyTop reading scoped package data from C:\MAMP\htdocs\FKP\FSP\www\node_modules\angular-chart.js\package.json
12 verbose installManyTop reading scoped package data from C:\MAMP\htdocs\FKP\FSP\www\node_modules\angular-dialog-service\package.json
13 verbose installManyTop reading scoped package data from C:\MAMP\htdocs\FKP\FSP\www\node_modules\angular-i18n\package.json
14 verbose installManyTop reading scoped package data from C:\MAMP\htdocs\FKP\FSP\www\node_modules\angular-material\package.json
15 verbose installManyTop reading scoped package data from C:\MAMP\htdocs\FKP\FSP\www\node_modules\angular-material-icons\package.json
16 verbose installManyTop reading scoped package data from C:\MAMP\htdocs\FKP\FSP\www\node_modules\angular-messages\package.json
17 verbose installManyTop reading scoped package data from C:\MAMP\htdocs\FKP\FSP\www\node_modules\angular-sanitize\package.json
18 verbose installManyTop reading scoped package data from C:\MAMP\htdocs\FKP\FSP\www\node_modules\angular-ui-bootstrap\package.json
19 verbose installManyTop reading scoped package data from C:\MAMP\htdocs\FKP\FSP\www\node_modules\angular-ui-grid\package.json
20 verbose installManyTop reading scoped package data from C:\MAMP\htdocs\FKP\FSP\www\node_modules\angular-ui-router\package.json
21 verbose installManyTop reading scoped package data from C:\MAMP\htdocs\FKP\FSP\www\node_modules\babel-preset-es2015\package.json
22 verbose installManyTop reading scoped package data from C:\MAMP\htdocs\FKP\FSP\www\node_modules\babel-preset-react\package.json
23 verbose installManyTop reading scoped package data from C:\MAMP\htdocs\FKP\FSP\www\node_modules\babelify\package.json
24 verbose installManyTop reading scoped package data from C:\MAMP\htdocs\FKP\FSP\www\node_modules\bootstrap\package.json
25 verbose installManyTop reading scoped package data from C:\MAMP\htdocs\FKP\FSP\www\node_modules\browserify\package.json
26 verbose installManyTop reading scoped package data from C:\MAMP\htdocs\FKP\FSP\www\node_modules\chart.js\package.json
27 verbose installManyTop reading scoped package data from C:\MAMP\htdocs\FKP\FSP\www\node_modules\express\package.json
28 verbose installManyTop reading scoped package data from C:\MAMP\htdocs\FKP\FSP\www\node_modules\gulp\package.json
29 verbose installManyTop reading scoped package data from C:\MAMP\htdocs\FKP\FSP\www\node_modules\gulp-autoprefixer\package.json
30 verbose installManyTop reading scoped package data from C:\MAMP\htdocs\FKP\FSP\www\node_modules\gulp-babel\package.json
31 verbose installManyTop reading scoped package data from C:\MAMP\htdocs\FKP\FSP\www\node_modules\gulp-concat\package.json
32 verbose installManyTop reading scoped package data from C:\MAMP\htdocs\FKP\FSP\www\node_modules\gulp-fixmyjs\package.json
33 verbose installManyTop reading scoped package data from C:\MAMP\htdocs\FKP\FSP\www\node_modules\gulp-flatten\package.json
34 verbose installManyTop reading scoped package data from C:\MAMP\htdocs\FKP\FSP\www\node_modules\gulp-jshint\package.json
35 verbose installManyTop reading scoped package data from C:\MAMP\htdocs\FKP\FSP\www\node_modules\gulp-jsvalidate\package.json
36 verbose installManyTop reading scoped package data from C:\MAMP\htdocs\FKP\FSP\www\node_modules\gulp-less\package.json
37 verbose installManyTop reading scoped package data from C:\MAMP\htdocs\FKP\FSP\www\node_modules\gulp-ng-annotate\package.json
38 verbose installManyTop reading scoped package data from C:\MAMP\htdocs\FKP\FSP\www\node_modules\gulp-rename\package.json
39 verbose installManyTop reading scoped package data from C:\MAMP\htdocs\FKP\FSP\www\node_modules\gulp-run\package.json
40 verbose installManyTop reading scoped package data from C:\MAMP\htdocs\FKP\FSP\www\node_modules\gulp-sourcemaps\package.json
41 verbose installManyTop reading scoped package data from C:\MAMP\htdocs\FKP\FSP\www\node_modules\gulp-uglify\package.json
42 verbose installManyTop reading scoped package data from C:\MAMP\htdocs\FKP\FSP\www\node_modules\jquery\package.json
43 verbose installManyTop reading scoped package data from C:\MAMP\htdocs\FKP\FSP\www\node_modules\jshint\package.json
44 verbose installManyTop reading scoped package data from C:\MAMP\htdocs\FKP\FSP\www\node_modules\lodash\package.json
45 verbose installManyTop reading scoped package data from C:\MAMP\htdocs\FKP\FSP\www\node_modules\moment\package.json
46 verbose installManyTop reading scoped package data from C:\MAMP\htdocs\FKP\FSP\www\node_modules\uglifyify\package.json
47 verbose installManyTop reading scoped package data from C:\MAMP\htdocs\FKP\FSP\www\node_modules\vinyl-buffer\package.json
48 verbose installManyTop reading scoped package data from C:\MAMP\htdocs\FKP\FSP\www\node_modules\vinyl-source-stream\package.json
49 info package.json angular-breadcrumb@0.4.1 No license field.
50 info package.json gulp-rename@1.2.2 No license field.
51 info package.json angular-material@1.0.9 No license field.
52 verbose readDependencies loading dependencies from C:\MAMP\htdocs\FKP\FSP\www\package.json
53 silly cache add args [ 'git+https://github.com/isteven/angular-multi-select.git',
53 silly cache add   null ]
54 verbose cache add spec git+https://github.com/isteven/angular-multi-select.git
55 silly cache add parsed spec Result {
55 silly cache add   raw: 'git+https://github.com/isteven/angular-multi-select.git',
55 silly cache add   scope: null,
55 silly cache add   name: null,
55 silly cache add   rawSpec: 'git+https://github.com/isteven/angular-multi-select.git',
55 silly cache add   spec: 'git+https://github.com/isteven/angular-multi-select.git',
55 silly cache add   type: 'hosted',
55 silly cache add   hosted:
55 silly cache add    { type: 'github',
55 silly cache add      ssh: 'git@github.com:isteven/angular-multi-select.git',
55 silly cache add      sshUrl: 'git+ssh://git@github.com/isteven/angular-multi-select.git',
55 silly cache add      httpsUrl: 'git+https://github.com/isteven/angular-multi-select.git',
55 silly cache add      gitUrl: 'git://github.com/isteven/angular-multi-select.git',
55 silly cache add      shortcut: 'github:isteven/angular-multi-select',
55 silly cache add      directUrl: 'https://raw.githubusercontent.com/isteven/angular-multi-select/master/package.json' } }
56 verbose addRemoteGit caching git+https://github.com/isteven/angular-multi-select.git
57 verbose addRemoteGit git+https://github.com/isteven/angular-multi-select.git is a repository hosted by github
58 silly tryClone cloning git+https://github.com/isteven/angular-multi-select.git via git+https://github.com/isteven/angular-multi-select.git
59 verbose tryClone https-github-com-isteven-angular-multi-select-git-64c4c637 not in flight; caching
60 info git [ 'clone',
60 info git   '--template=C:\\Users\\Дмитрий\\AppData\\Roaming\\npm-cache\\_git-remotes\\_templates',
60 info git   '--mirror',
60 info git   'https://github.com/isteven/angular-multi-select.git',
60 info git   'C:\\Users\\Дмитрий\\AppData\\Roaming\\npm-cache\\_git-remotes\\https-github-com-isteven-angular-multi-select-git-64c4c637' ]
61 verbose mirrorRemote git+https://github.com/isteven/angular-multi-select.git git clone https://github.com/isteven/angular-multi-select.git
62 verbose setPermissions git+https://github.com/isteven/angular-multi-select.git skipping chownr on Windows
63 verbose resolveHead git+https://github.com/isteven/angular-multi-select.git original treeish: master
64 info git [ 'rev-list', '-n1', 'master' ]
65 silly resolveHead git+https://github.com/isteven/angular-multi-select.git resolved treeish: d5589891a5590aebabd46975f2a52d312fcee855
66 verbose resolveHead git+https://github.com/isteven/angular-multi-select.git resolved Git URL: git+https://github.com/isteven/angular-multi-select.git#d5589891a5590aebabd46975f2a52d312fcee855
67 silly resolveHead Git working directory: C:\Users\Дмитрий\AppData\Local\Temp\npm-11808-49a0ec53\git-cache-3f9d60626e7f\d5589891a5590aebabd46975f2a52d312fcee855
68 info git [ 'clone',
68 info git   'C:\\Users\\Дмитрий\\AppData\\Roaming\\npm-cache\\_git-remotes\\https-github-com-isteven-angular-multi-select-git-64c4c637',
68 info git   'C:\\Users\\Дмитрий\\AppData\\Local\\Temp\\npm-11808-49a0ec53\\git-cache-3f9d60626e7f\\d5589891a5590aebabd46975f2a52d312fcee855' ]
69 verbose cloneResolved git+https://github.com/isteven/angular-multi-select.git clone Cloning into 'C:\Users\Дмитрий\AppData\Local\Temp\npm-11808-49a0ec53\git-cache-3f9d60626e7f\d5589891a5590aebabd46975f2a52d312fcee855'...
69 verbose cloneResolved done.
70 info git [ 'checkout', 'd5589891a5590aebabd46975f2a52d312fcee855' ]
71 verbose checkoutTreeish git+https://github.com/isteven/angular-multi-select.git checkout Note: checking out 'd5589891a5590aebabd46975f2a52d312fcee855'.
71 verbose checkoutTreeish
71 verbose checkoutTreeish You are in 'detached HEAD' state. You can look around, make experimental
71 verbose checkoutTreeish changes and commit them, and you can discard any commits you make in this
71 verbose checkoutTreeish state without impacting any branches by performing another checkout.
71 verbose checkoutTreeish
71 verbose checkoutTreeish If you want to create a new branch to retain commits you create, you may
71 verbose checkoutTreeish do so (now or later) by using -b with the checkout command again. Example:
71 verbose checkoutTreeish
71 verbose checkoutTreeish   git checkout -b <new-branch-name>
71 verbose checkoutTreeish
71 verbose checkoutTreeish HEAD is now at d558989... Merge pull request #255 from Riggs333/patch-1
72 verbose addLocalDirectory C:\Users\Дмитрий\AppData\Roaming\npm-cache\isteven-angular-multiselect\4.0.0\package.tgz not in flight; packing
73 verbose tar pack [ 'C:\\Users\\Дмитрий\\AppData\\Roaming\\npm-cache\\isteven-angular-multiselect\\4.0.0\\package.tgz',
73 verbose tar pack   'C:\\Users\\Дмитрий\\AppData\\Local\\Temp\\npm-11808-49a0ec53\\git-cache-3f9d60626e7f\\d5589891a5590aebabd46975f2a52d312fcee855' ]
74 verbose tarball C:\Users\Дмитрий\AppData\Roaming\npm-cache\isteven-angular-multiselect\4.0.0\package.tgz
75 verbose folder C:\Users\Дмитрий\AppData\Local\Temp\npm-11808-49a0ec53\git-cache-3f9d60626e7f\d5589891a5590aebabd46975f2a52d312fcee855
76 verbose stack TypeError: Path must be a string. Received [ 'isteven-multi-select.js', 'isteven-multi-select.css' ]
76 verbose stack     at assertPath (path.js:8:11)
76 verbose stack     at Object.win32.resolve (path.js:130:5)
76 verbose stack     at Packer.applyIgnores (C:\Program Files\nodejs\node_modules\npm\node_modules\fstream-npm\fstream-npm.js:109:59)
76 verbose stack     at Packer.<anonymous> (C:\Program Files\nodejs\node_modules\npm\node_modules\fstream-npm\node_modules\fstream-ignore\ignore.js:181:17)
76 verbose stack     at Array.filter (native)
76 verbose stack     at Packer.IgnoreReader.filterEntries (C:\Program Files\nodejs\node_modules\npm\node_modules\fstream-npm\node_modules\fstream-ignore\ignore.js:179:31)
76 verbose stack     at Packer.<anonymous> (C:\Program Files\nodejs\node_modules\npm\node_modules\fstream-npm\node_modules\fstream-ignore\ignore.js:92:12)
76 verbose stack     at Packer.<anonymous> (C:\Program Files\nodejs\node_modules\npm\node_modules\fstream-npm\node_modules\fstream-ignore\ignore.js:134:5)
76 verbose stack     at C:\Program Files\nodejs\node_modules\npm\node_modules\graceful-fs\graceful-fs.js:76:16
76 verbose stack     at FSReqWrap.readFileAfterClose [as oncomplete] (fs.js:380:3)
77 verbose cwd C:\MAMP\htdocs\FKP\FSP\www
78 error Windows_NT 6.3.9600
79 error argv "C:\\Program Files\\nodejs\\node.exe" "C:\\Program Files\\nodejs\\node_modules\\npm\\bin\\npm-cli.js" "install" "--save-dev" "git+https://github.com/isteven/angular-multi-select.git"
80 error node v4.2.1
81 error npm  v2.14.7
82 error Path must be a string. Received [ 'isteven-multi-select.js', 'isteven-multi-select.css' ]
83 error If you need help, you may report this error at:
83 error     <https://github.com/npm/npm/issues>
84 verbose exit [ 1, true ]
